2021-05-24 23:23:05.984 | INFO | DRIVER | main | Starting Driver 
2021-05-24 23:23:07.488 | INFO | APIVERTICLE | vert.x-eventloop-thread-0 | Starting StarterVerticle 
2021-05-24 23:23:07.916 | INFO | APIVERTICLE | vert.x-eventloop-thread-0 | config retrieved 
2021-05-24 23:23:07.916 | INFO | APIVERTICLE | vert.x-eventloop-thread-0 | Got config 
2021-05-24 23:23:09.695 | INFO | APIVERTICLE | vert.x-eventloop-thread-0 | Server now listening on 8080 
2021-05-24 23:23:40.544 | INFO | APIVERTICLE | vert.x-eventloop-thread-0 | Connection ID=__vertx.ws.e9d839e6-5a75-4790-bb8a-cce78d0ab60c 
2021-05-24 23:23:40.606 | INFO | APIVERTICLE | vert.x-eventloop-thread-0 | {"player_name":"FIRST","type":"new_player"} 
2021-05-24 23:23:40.623 | INFO | APIVERTICLE | vert.x-eventloop-thread-0 | {"player_choice":"yes","stock_names":["AT&T Inc","Visa Inc - Class A"],"stock_symbols":["T","V"],"mode":"multiple-stocks","starting_balance":10000.0,"game_time":2.0,"type":"new_or_current_game"} 
2021-05-24 23:24:10.669 | INFO | APIVERTICLE | vert.x-eventloop-thread-0 | Connection ID=__vertx.ws.d0f68435-6f31-4b6d-9451-672a80bf7f9a 
2021-05-24 23:24:10.871 | INFO | APIVERTICLE | vert.x-eventloop-thread-0 | {"player_name":"SECOND","type":"new_player"} 
2021-05-24 23:24:10.871 | INFO | APIVERTICLE | vert.x-eventloop-thread-0 | {"player_choice":"no","game_code":"OCLUWW","type":"new_or_current_game"} 
2021-05-24 23:26:22.497 | INFO | APIVERTICLE | vert.x-eventloop-thread-0 | {"stock_symbols":["T","V"],"interval_time":3000.0,"amount_per_interval":10.0,"type":"stock_data_request_interval"} 
2021-05-24 23:26:22.541 | INFO | APIVERTICLE | vert.x-eventloop-thread-0 | {"stock_symbols":["T","V"],"interval_time":3000.0,"amount_per_interval":10.0,"type":"stock_data_request_interval"} 
2021-05-24 23:26:31.663 | INFO | APIVERTICLE | vert.x-eventloop-thread-0 | socket closed 
2021-05-24 23:26:41.634 | INFO | DRIVER | main | Starting Driver 
2021-05-24 23:26:43.057 | INFO | APIVERTICLE | vert.x-eventloop-thread-0 | Starting StarterVerticle 
2021-05-24 23:26:43.413 | INFO | APIVERTICLE | vert.x-eventloop-thread-0 | config retrieved 
2021-05-24 23:26:43.413 | INFO | APIVERTICLE | vert.x-eventloop-thread-0 | Got config 
2021-05-24 23:26:44.258 | INFO | APIVERTICLE | vert.x-eventloop-thread-0 | Server now listening on 8080 
2021-05-24 23:27:24.953 | INFO | APIVERTICLE | vert.x-eventloop-thread-0 | Connection ID=__vertx.ws.9b3240ac-dedf-4ef0-803c-23ae440ae8a7 
2021-05-24 23:27:25.019 | INFO | APIVERTICLE | vert.x-eventloop-thread-0 | {"player_name":"FIRST","type":"new_player"} 
2021-05-24 23:27:25.031 | INFO | APIVERTICLE | vert.x-eventloop-thread-0 | {"player_choice":"yes","stock_names":["AT&T Inc"],"stock_symbols":["T"],"mode":"multiple-stocks","starting_balance":10000.0,"game_time":2.0,"type":"new_or_current_game"} 
2021-05-24 23:27:55.465 | INFO | APIVERTICLE | vert.x-eventloop-thread-0 | Connection ID=__vertx.ws.05ffbe71-c8fe-420f-ba2c-16521b612c0d 
2021-05-24 23:27:55.875 | INFO | APIVERTICLE | vert.x-eventloop-thread-0 | {"player_name":"SECOND","type":"new_player"} 
2021-05-24 23:27:55.876 | INFO | APIVERTICLE | vert.x-eventloop-thread-0 | {"player_choice":"no","game_code":"UTLODG","type":"new_or_current_game"} 
2021-05-24 23:28:16.377 | INFO | APIVERTICLE | vert.x-eventloop-thread-0 | Connection ID=__vertx.ws.ba88b45f-df03-4409-a2b1-eebe75119f27 
2021-05-24 23:28:16.407 | INFO | APIVERTICLE | vert.x-eventloop-thread-0 | {"player_name":"SECOND","type":"new_player"} 
2021-05-24 23:28:16.408 | INFO | APIVERTICLE | vert.x-eventloop-thread-0 | {"player_choice":"no","game_code":"UTLODG","type":"new_or_current_game"} 
2021-05-24 23:28:16.416 | INFO | APIVERTICLE | vert.x-eventloop-thread-0 | {"player_name":"SECOND","type":"new_player"} 
2021-05-24 23:28:16.418 | INFO | APIVERTICLE | vert.x-eventloop-thread-0 | {"player_choice":"no","game_code":"UTLODG","type":"new_or_current_game"} 
2021-05-24 23:28:47.424 | INFO | APIVERTICLE | vert.x-eventloop-thread-0 | {"stock_symbols":["T"],"interval_time":3000.0,"amount_per_interval":10.0,"type":"stock_data_request_interval"} 
2021-05-24 23:29:42.133 | INFO | APIVERTICLE | vert.x-eventloop-thread-0 | {"stock_symbols":["T"],"interval_time":3000.0,"amount_per_interval":10.0,"type":"stock_data_request_interval"} 
2021-05-24 23:29:42.136 | INFO | APIVERTICLE | vert.x-eventloop-thread-0 | {"stock_symbols":["T"],"interval_time":3000.0,"amount_per_interval":10.0,"type":"stock_data_request_interval"} 
2021-05-24 23:31:11.505 | INFO | APIVERTICLE | vert.x-eventloop-thread-0 | socket closed 
2021-05-24 23:31:11.506 | INFO | APIVERTICLE | vert.x-eventloop-thread-0 | socket closed 
2021-05-24 23:32:52.824 | INFO | APIVERTICLE | vert.x-eventloop-thread-0 | socket closed 
2021-05-24 23:46:44.315 | INFO | DRIVER | main | Starting Driver 
2021-05-24 23:46:45.110 | INFO | APIVERTICLE | vert.x-eventloop-thread-0 | Starting StarterVerticle 
2021-05-24 23:46:45.410 | INFO | APIVERTICLE | vert.x-eventloop-thread-0 | config retrieved 
2021-05-24 23:46:45.410 | INFO | APIVERTICLE | vert.x-eventloop-thread-0 | Got config 
2021-05-24 23:46:46.160 | INFO | APIVERTICLE | vert.x-eventloop-thread-0 | Server now listening on 8080 
2021-05-24 23:47:52.736 | INFO | APIVERTICLE | vert.x-eventloop-thread-0 | Connection ID=__vertx.ws.509cfccf-8691-4c63-8b2c-8e7098f5db88 
2021-05-24 23:47:52.803 | INFO | APIVERTICLE | vert.x-eventloop-thread-0 | {"player_name":"FIRST","type":"new_player"} 
2021-05-24 23:47:52.821 | INFO | APIVERTICLE | vert.x-eventloop-thread-0 | {"player_choice":"yes","stock_names":["AT&T Inc","Tesla Inc","Agilent Technologies Inc"],"stock_symbols":["T","TSLA","A"],"mode":"multiple-stocks","starting_balance":10000.0,"game_time":2.0,"type":"new_or_current_game"} 
2021-05-24 23:48:25.806 | INFO | APIVERTICLE | vert.x-eventloop-thread-0 | Connection ID=__vertx.ws.830c435d-37a1-4e47-8a88-521aa900e6d8 
2021-05-24 23:48:26.068 | INFO | APIVERTICLE | vert.x-eventloop-thread-0 | {"player_name":"SECOND","type":"new_player"} 
2021-05-24 23:48:26.069 | INFO | APIVERTICLE | vert.x-eventloop-thread-0 | {"player_choice":"no","game_code":"DQWBRR","type":"new_or_current_game"} 
2021-05-24 23:48:45.849 | INFO | APIVERTICLE | vert.x-eventloop-thread-0 | {"stock_symbols":["T","TSLA","A"],"interval_time":3000.0,"amount_per_interval":10.0,"type":"stock_data_request_interval"} 
2021-05-24 23:49:05.619 | INFO | APIVERTICLE | vert.x-eventloop-thread-0 | {"stock_symbols":["T","TSLA","A"],"interval_time":3000.0,"amount_per_interval":10.0,"type":"stock_data_request_interval"} 
2021-05-24 23:52:45.264 | INFO | APIVERTICLE | vert.x-eventloop-thread-0 | socket closed 
2021-05-24 23:53:08.317 | INFO | APIVERTICLE | vert.x-eventloop-thread-0 | socket closed 
2021-05-24 23:53:35.679 | INFO | DRIVER | main | Starting Driver 
2021-05-24 23:53:37.396 | INFO | APIVERTICLE | vert.x-eventloop-thread-0 | Starting StarterVerticle 
2021-05-24 23:53:37.844 | INFO | APIVERTICLE | vert.x-eventloop-thread-0 | config retrieved 
2021-05-24 23:53:37.844 | INFO | APIVERTICLE | vert.x-eventloop-thread-0 | Got config 
2021-05-24 23:53:39.438 | INFO | APIVERTICLE | vert.x-eventloop-thread-0 | Server now listening on 8080 
2021-05-24 23:54:26.354 | INFO | APIVERTICLE | vert.x-eventloop-thread-0 | Connection ID=__vertx.ws.6b2eb165-d910-4fe9-8256-393e51316a97 
2021-05-24 23:54:26.413 | INFO | APIVERTICLE | vert.x-eventloop-thread-0 | {"player_name":"FIRST","type":"new_player"} 
2021-05-24 23:54:26.425 | INFO | APIVERTICLE | vert.x-eventloop-thread-0 | {"player_choice":"yes","stock_names":["AT&T Inc","Sprint Corp","Alcoa Corp"],"stock_symbols":["T","S","AA"],"mode":"multiple-stocks","starting_balance":10000.0,"game_time":2.0,"type":"new_or_current_game"} 
2021-05-24 23:54:52.267 | INFO | APIVERTICLE | vert.x-eventloop-thread-0 | Connection ID=__vertx.ws.716c42f0-2d6e-4b11-bc05-fe0db054df12 
2021-05-24 23:54:52.272 | INFO | APIVERTICLE | vert.x-eventloop-thread-0 | {"player_name":"FIRST","type":"new_player"} 
2021-05-24 23:54:52.276 | INFO | APIVERTICLE | vert.x-eventloop-thread-0 | {"player_choice":"yes","stock_names":["AT&T Inc","Sprint Corp","Alcoa Corp"],"stock_symbols":["T","S","AA"],"mode":"multiple-stocks","starting_balance":10000.0,"game_time":2.0,"type":"new_or_current_game"} 
2021-05-24 23:54:52.607 | INFO | APIVERTICLE | vert.x-eventloop-thread-0 | {"player_name":"FIRST","type":"new_player"} 
2021-05-24 23:54:52.608 | INFO | APIVERTICLE | vert.x-eventloop-thread-0 | {"player_choice":"yes","stock_names":["AT&T Inc","Sprint Corp","Alcoa Corp"],"stock_symbols":["T","S","AA"],"mode":"multiple-stocks","starting_balance":10000.0,"game_time":2.0,"type":"new_or_current_game"} 
2021-05-24 23:55:53.446 | INFO | DRIVER | main | Starting Driver 
2021-05-24 23:55:55.061 | INFO | APIVERTICLE | vert.x-eventloop-thread-0 | Starting StarterVerticle 
2021-05-24 23:55:55.488 | INFO | APIVERTICLE | vert.x-eventloop-thread-0 | config retrieved 
2021-05-24 23:55:55.488 | INFO | APIVERTICLE | vert.x-eventloop-thread-0 | Got config 
2021-05-24 23:55:56.808 | INFO | APIVERTICLE | vert.x-eventloop-thread-0 | Server now listening on 8080 
2021-05-24 23:56:20.407 | INFO | APIVERTICLE | vert.x-eventloop-thread-0 | Connection ID=__vertx.ws.ad5c9c31-3b6a-422e-81b8-73fd1f9705f3 
2021-05-24 23:56:20.463 | INFO | APIVERTICLE | vert.x-eventloop-thread-0 | {"player_name":"FIRST","type":"new_player"} 
2021-05-24 23:56:20.475 | INFO | APIVERTICLE | vert.x-eventloop-thread-0 | {"player_choice":"yes","stock_names":["AT&T Inc"],"stock_symbols":["T"],"mode":"multiple-stocks","starting_balance":10000.0,"game_time":2.0,"type":"new_or_current_game"} 
2021-05-24 23:56:47.830 | INFO | APIVERTICLE | vert.x-eventloop-thread-0 | Connection ID=__vertx.ws.c110f253-7501-4a9e-9c80-053fddef3bea 
2021-05-24 23:56:48.135 | INFO | APIVERTICLE | vert.x-eventloop-thread-0 | {"player_name":"SECOND","type":"new_player"} 
2021-05-24 23:56:48.135 | INFO | APIVERTICLE | vert.x-eventloop-thread-0 | {"player_choice":"no","game_code":"XVHHQS","type":"new_or_current_game"} 
2021-05-24 23:56:58.110 | INFO | APIVERTICLE | vert.x-eventloop-thread-0 | {"stock_symbols":["T"],"interval_time":3000.0,"amount_per_interval":10.0,"type":"stock_data_request_interval"} 
2021-05-24 23:56:58.170 | INFO | APIVERTICLE | vert.x-eventloop-thread-0 | {"stock_symbols":["T"],"interval_time":3000.0,"amount_per_interval":10.0,"type":"stock_data_request_interval"} 
2021-05-24 23:58:20.530 | INFO | APIVERTICLE | vert.x-eventloop-thread-0 | {"stock_symbol":"T","share_price":"38.35","number_of_shares":10,"type":"buy_request"} 
2021-05-24 23:58:35.322 | INFO | APIVERTICLE | vert.x-eventloop-thread-0 | {"stock_symbol":"T","share_price":"27.45","number_of_shares":5,"type":"buy_request"} 
2021-05-25 00:02:22.916 | INFO | APIVERTICLE | vert.x-eventloop-thread-0 | socket closed 
2021-05-25 00:02:24.843 | INFO | APIVERTICLE | vert.x-eventloop-thread-0 | socket closed 
2021-05-25 00:02:34.057 | INFO | DRIVER | main | Starting Driver 
2021-05-25 00:02:34.847 | INFO | APIVERTICLE | vert.x-eventloop-thread-0 | Starting StarterVerticle 
2021-05-25 00:02:35.136 | INFO | APIVERTICLE | vert.x-eventloop-thread-0 | config retrieved 
2021-05-25 00:02:35.136 | INFO | APIVERTICLE | vert.x-eventloop-thread-0 | Got config 
2021-05-25 00:02:35.772 | INFO | APIVERTICLE | vert.x-eventloop-thread-0 | Server now listening on 8080 
2021-05-25 00:03:14.717 | INFO | APIVERTICLE | vert.x-eventloop-thread-0 | Connection ID=__vertx.ws.ea7e8bad-6fcf-4b95-aba3-a01a8bf05908 
2021-05-25 00:03:14.772 | INFO | APIVERTICLE | vert.x-eventloop-thread-0 | {"player_name":"FIRST","type":"new_player"} 
2021-05-25 00:03:14.787 | INFO | APIVERTICLE | vert.x-eventloop-thread-0 | {"player_choice":"yes","stock_names":["Tesla Inc","Sprint Corp","Agilent Technologies Inc"],"stock_symbols":["TSLA","S","A"],"mode":"multiple-stocks","starting_balance":10000.0,"game_time":2.0,"type":"new_or_current_game"} 
2021-05-25 00:03:44.426 | INFO | APIVERTICLE | vert.x-eventloop-thread-0 | Connection ID=__vertx.ws.b0713ab5-6f53-42c9-8c51-a1f8ca3395f8 
2021-05-25 00:03:44.703 | INFO | APIVERTICLE | vert.x-eventloop-thread-0 | {"player_name":"SECOND","type":"new_player"} 
2021-05-25 00:03:44.703 | INFO | APIVERTICLE | vert.x-eventloop-thread-0 | {"player_choice":"no","game_code":"UPHXTW","type":"new_or_current_game"} 
2021-05-25 00:03:53.079 | INFO | APIVERTICLE | vert.x-eventloop-thread-0 | {"stock_symbols":["TSLA","S","A"],"interval_time":3000.0,"amount_per_interval":10.0,"type":"stock_data_request_interval"} 
2021-05-25 00:03:53.130 | INFO | APIVERTICLE | vert.x-eventloop-thread-0 | {"stock_symbols":["TSLA","S","A"],"interval_time":3000.0,"amount_per_interval":10.0,"type":"stock_data_request_interval"} 
2021-05-25 00:04:59.028 | INFO | APIVERTICLE | vert.x-eventloop-thread-0 | {"stock_symbol":"TSLA","share_price":"32.43","number_of_shares":5,"type":"buy_request"} 
2021-05-25 00:06:21.571 | INFO | APIVERTICLE | vert.x-eventloop-thread-0 | socket closed 
2021-05-25 00:06:24.378 | INFO | APIVERTICLE | vert.x-eventloop-thread-0 | socket closed 
2021-05-25 00:07:27.414 | INFO | DRIVER | main | Starting Driver 
2021-05-25 00:07:28.273 | INFO | APIVERTICLE | vert.x-eventloop-thread-0 | Starting StarterVerticle 
2021-05-25 00:07:28.692 | INFO | APIVERTICLE | vert.x-eventloop-thread-0 | config retrieved 
2021-05-25 00:07:28.692 | INFO | APIVERTICLE | vert.x-eventloop-thread-0 | Got config 
2021-05-25 00:07:29.468 | INFO | APIVERTICLE | vert.x-eventloop-thread-0 | Server now listening on 8080 
2021-05-25 00:08:07.861 | INFO | APIVERTICLE | vert.x-eventloop-thread-0 | Connection ID=__vertx.ws.0ab62e97-c52c-4b51-96f4-0889e6b74419 
2021-05-25 00:08:07.944 | INFO | APIVERTICLE | vert.x-eventloop-thread-0 | {"player_name":"FIRST","type":"new_player"} 
2021-05-25 00:08:07.956 | INFO | APIVERTICLE | vert.x-eventloop-thread-0 | {"player_choice":"yes","stock_names":["Tesla Inc","Sprint Corp","Agilent Technologies Inc"],"stock_symbols":["TSLA","S","A"],"mode":"multiple-stocks","starting_balance":10000.0,"game_time":2.0,"type":"new_or_current_game"} 
2021-05-25 00:09:14.740 | INFO | APIVERTICLE | vert.x-eventloop-thread-0 | Connection ID=__vertx.ws.ceb951fc-c2d8-4f51-bebf-cbab55c03e70 
2021-05-25 00:09:15.016 | INFO | APIVERTICLE | vert.x-eventloop-thread-0 | {"player_name":"SECOND","type":"new_player"} 
2021-05-25 00:09:15.016 | INFO | APIVERTICLE | vert.x-eventloop-thread-0 | {"player_choice":"no","game_code":"AXIASX","type":"new_or_current_game"} 
2021-05-25 00:09:34.360 | INFO | APIVERTICLE | vert.x-eventloop-thread-0 | {"stock_symbols":["TSLA","S","A"],"interval_time":3000.0,"amount_per_interval":10.0,"type":"stock_data_request_interval"} 
2021-05-25 00:09:34.416 | INFO | APIVERTICLE | vert.x-eventloop-thread-0 | {"stock_symbols":["TSLA","S","A"],"interval_time":3000.0,"amount_per_interval":10.0,"type":"stock_data_request_interval"} 
2021-05-25 00:10:38.448 | INFO | APIVERTICLE | vert.x-eventloop-thread-0 | {"stock_symbol":"S","share_price":"22.51","number_of_shares":10,"type":"buy_request"} 
2021-05-25 00:11:06.742 | INFO | APIVERTICLE | vert.x-eventloop-thread-0 | {"stock_symbol":"S","share_price":"10.9","number_of_shares":10,"type":"buy_request"} 
2021-05-25 00:11:13.270 | INFO | APIVERTICLE | vert.x-eventloop-thread-0 | {"stock_symbol":"S","share_price":"9.5","number_of_shares":5,"type":"sell_request"} 
2021-05-25 00:12:34.864 | INFO | APIVERTICLE | vert.x-eventloop-thread-0 | socket closed 
2021-05-25 00:12:36.996 | INFO | APIVERTICLE | vert.x-eventloop-thread-0 | socket closed 
